<?xml version="1.0" encoding="UTF-8"?>
<testsuite name="algorithms.BubbleSortTest" tests="1" skipped="0" failures="0" errors="0" timestamp="2022-11-26T19:49:05" hostname="Vegeta" time="0.013">
  <properties/>
  <testcase name="sortTest()" classname="algorithms.BubbleSortTest" time="0.013"/>
  <system-out><![CDATA[]]></system-out>
  <system-err><![CDATA[]]></system-err>
</testsuite>
